TN:
SF:src\dependency-injection\container.ts
FN:24,(anonymous_0)
FN:30,(anonymous_1)
FN:31,(anonymous_2)
FN:33,(anonymous_3)
FN:43,(anonymous_4)
FN:47,(anonymous_5)
FN:64,(anonymous_6)
FN:88,(anonymous_7)
FN:124,(anonymous_8)
FN:132,(anonymous_9)
FN:154,(anonymous_10)
FN:259,(anonymous_11)
FN:278,(anonymous_12)
FN:292,(anonymous_13)
FNF:14
FNH:9
FNDA:3,(anonymous_0)
FNDA:25,(anonymous_1)
FNDA:28,(anonymous_2)
FNDA:109,(anonymous_3)
FNDA:0,(anonymous_4)
FNDA:7,(anonymous_5)
FNDA:0,(anonymous_6)
FNDA:7,(anonymous_7)
FNDA:0,(anonymous_8)
FNDA:7,(anonymous_9)
FNDA:18,(anonymous_10)
FNDA:7,(anonymous_11)
FNDA:0,(anonymous_12)
FNDA:0,(anonymous_13)
DA:13,1
DA:25,3
DA:26,3
DA:27,3
DA:31,28
DA:33,109
DA:39,25
DA:40,25
DA:44,0
DA:50,7
DA:51,7
DA:53,7
DA:55,7
DA:57,7
DA:58,0
DA:60,7
DA:61,7
DA:89,7
DA:90,7
DA:91,0
DA:94,7
DA:97,7
DA:99,7
DA:100,7
DA:104,7
DA:109,7
DA:110,7
DA:113,0
DA:115,0
DA:120,0
DA:125,0
DA:129,0
DA:135,7
DA:136,7
DA:138,7
DA:139,7
DA:140,4
DA:141,4
DA:142,4
DA:143,0
DA:145,4
DA:147,0
DA:148,0
DA:151,7
DA:155,18
DA:156,18
DA:158,18
DA:159,18
DA:160,18
DA:161,18
DA:163,0
DA:164,0
DA:165,0
DA:166,0
DA:168,0
DA:171,0
DA:174,18
DA:176,18
DA:177,4
DA:179,4
DA:181,2
DA:182,2
DA:183,2
DA:184,2
DA:186,2
DA:188,2
DA:191,2
DA:194,2
DA:196,2
DA:197,2
DA:198,4
DA:199,4
DA:201,2
DA:202,2
DA:203,2
DA:210,2
DA:211,2
DA:212,2
DA:213,2
DA:215,2
DA:217,2
DA:220,14
DA:221,14
DA:222,14
DA:223,0
DA:225,0
DA:228,14
DA:231,14
DA:233,14
DA:234,14
DA:235,5
DA:237,14
DA:238,14
DA:243,14
DA:244,14
DA:245,14
DA:246,14
DA:248,14
DA:250,14
DA:253,0
DA:256,0
DA:260,7
DA:262,7
DA:263,7
DA:264,0
DA:265,0
DA:266,0
DA:267,0
DA:268,0
DA:271,0
DA:273,7
DA:274,0
DA:282,0
DA:283,0
DA:285,0
DA:286,0
DA:287,0
DA:289,0
DA:291,0
DA:292,0
DA:293,0
DA:294,0
LF:122
LH:84
BRDA:51,0,0,7
BRDA:53,1,0,7
BRDA:53,1,1,0
BRDA:55,2,0,7
BRDA:57,3,0,0
BRDA:90,4,0,0
BRDA:90,5,0,7
BRDA:90,5,1,0
BRDA:94,6,0,7
BRDA:94,6,1,0
BRDA:97,7,0,7
BRDA:97,7,1,5
BRDA:99,8,0,7
BRDA:99,8,1,0
BRDA:141,9,0,4
BRDA:141,9,1,0
BRDA:142,10,0,0
BRDA:159,11,0,18
BRDA:160,12,0,18
BRDA:160,12,1,0
BRDA:161,13,0,0
BRDA:176,14,0,4
BRDA:176,14,1,14
BRDA:179,15,0,2
BRDA:179,16,0,4
BRDA:179,16,1,2
BRDA:191,17,0,2
BRDA:191,17,1,0
BRDA:196,18,0,2
BRDA:196,18,1,0
BRDA:205,19,0,2
BRDA:205,19,1,2
BRDA:220,20,0,14
BRDA:220,20,1,14
BRDA:228,21,0,14
BRDA:228,21,1,0
BRDA:234,22,0,5
BRDA:238,23,0,0
BRDA:238,23,1,14
BRDA:238,24,0,14
BRDA:238,24,1,14
BRDA:239,25,0,14
BRDA:239,25,1,10
BRDA:263,26,0,0
BRDA:267,27,0,0
BRDA:273,28,0,0
BRDA:273,29,0,7
BRDA:273,29,1,0
BRDA:285,30,0,0
BRDA:286,31,0,0
BRDA:291,32,0,0
BRDA:292,33,0,0
BRDA:292,33,1,0
BRDA:293,34,0,0
BRF:54
BRH:30
end_of_record
TN:
SF:tests\dependency-injection\container-helpers.ts
FN:2,(anonymous_0)
FN:4,(anonymous_1)
FN:6,(anonymous_2)
FN:9,(anonymous_3)
FN:13,(anonymous_4)
FN:15,(anonymous_5)
FN:18,(anonymous_6)
FN:25,(anonymous_7)
FN:27,(anonymous_8)
FN:30,(anonymous_9)
FNF:10
FNH:3
FNDA:0,(anonymous_0)
FNDA:12,(anonymous_1)
FNDA:0,(anonymous_2)
FNDA:0,(anonymous_3)
FNDA:2,(anonymous_4)
FNDA:0,(anonymous_5)
FNDA:0,(anonymous_6)
FNDA:2,(anonymous_7)
FNDA:0,(anonymous_8)
FNDA:0,(anonymous_9)
DA:1,1
DA:4,1
DA:5,12
DA:7,0
DA:10,0
DA:13,1
DA:14,2
DA:16,0
DA:19,0
DA:22,1
DA:23,2
DA:25,2
DA:28,0
DA:31,0
LF:14
LH:8
BRF:0
BRH:0
end_of_record
